<?xml version="1.0" encoding="UTF-8"?>
<!-- Generated by org.testng.reporters.JUnitXMLReporter -->
<testsuite ignored="2" hostname="TYC1221031" failures="0" tests="2" name="FirefoxBrowser" time="11.409" errors="0" timestamp="2023-07-21T12:11:13 IST">
  <testcase classname="com.comcast.genericutlity.BaseClass" name="@BeforeClass launchTheBrowser" time="5.81">
    <failure type="org.openqa.selenium.WebDriverException" message="Reached error page: about:neterror?e=dnsNotFound&amp;amp;u=http%3A//rmgtestingserver%3A8888/&amp;amp;c=UTF-8&amp;amp;d=We%20can%E2%80%99t%20connect%20to%20the%20server%20at%20rmgtestingserver.
Build info: version: &amp;apos;4.10.0&amp;apos;, revision: &amp;apos;c14d967899&amp;apos;
System info: os.name: &amp;apos;Windows 10&amp;apos;, os.arch: &amp;apos;amd64&amp;apos;, os.version: &amp;apos;10.0&amp;apos;, java.version: &amp;apos;16.0.1&amp;apos;
Driver info: org.openqa.selenium.firefox.FirefoxDriver
Command: [dbbc04ea-2c50-4845-8af8-d01cb97d13a6, get {url=http://rmgtestingserver:8888}]
Capabilities {acceptInsecureCerts: true, browserName: firefox, browserVersion: 115.0.2, moz:accessibilityChecks: false, moz:buildID: 20230710165010, moz:debuggerAddress: 127.0.0.1:12110, moz:geckodriverVersion: 0.33.0, moz:headless: false, moz:platformVersion: 10.0, moz:processID: 15220, moz:profile: C:\Users\SANJAY~1\AppData\L..., moz:shutdownTimeout: 60000, moz:useNonSpecCompliantPointerOrigin: false, moz:webdriverClick: true, moz:windowless: false, pageLoadStrategy: normal, platformName: windows, proxy: Proxy(), se:cdp: ws://127.0.0.1:12110/devtoo..., se:cdpVersion: 85.0, setWindowRect: true, strictFileInteractability: false, timeouts: {implicit: 0, pageLoad: 300000, script: 30000}, unhandledPromptBehavior: dismiss and notify}
Session ID: dbbc04ea-2c50-4845-8af8-d01cb97d13a6">
      <![CDATA[org.openqa.selenium.WebDriverException: Reached error page: about:neterror?e=dnsNotFound&u=http%3A//rmgtestingserver%3A8888/&c=UTF-8&d=We%20can%E2%80%99t%20connect%20to%20the%20server%20at%20rmgtestingserver.
Build info: version: '4.10.0', revision: 'c14d967899'
System info: os.name: 'Windows 10', os.arch: 'amd64', os.version: '10.0', java.version: '16.0.1'
Driver info: org.openqa.selenium.firefox.FirefoxDriver
Command: [dbbc04ea-2c50-4845-8af8-d01cb97d13a6, get {url=http://rmgtestingserver:8888}]
Capabilities {acceptInsecureCerts: true, browserName: firefox, browserVersion: 115.0.2, moz:accessibilityChecks: false, moz:buildID: 20230710165010, moz:debuggerAddress: 127.0.0.1:12110, moz:geckodriverVersion: 0.33.0, moz:headless: false, moz:platformVersion: 10.0, moz:processID: 15220, moz:profile: C:\Users\SANJAY~1\AppData\L..., moz:shutdownTimeout: 60000, moz:useNonSpecCompliantPointerOrigin: false, moz:webdriverClick: true, moz:windowless: false, pageLoadStrategy: normal, platformName: windows, proxy: Proxy(), se:cdp: ws://127.0.0.1:12110/devtoo..., se:cdpVersion: 85.0, setWindowRect: true, strictFileInteractability: false, timeouts: {implicit: 0, pageLoad: 300000, script: 30000}, unhandledPromptBehavior: dismiss and notify}
Session ID: dbbc04ea-2c50-4845-8af8-d01cb97d13a6
at org.openqa.selenium.remote.codec.w3c.W3CHttpResponseCodec.createException(W3CHttpResponseCodec.java:199)
at org.openqa.selenium.remote.codec.w3c.W3CHttpResponseCodec.decode(W3CHttpResponseCodec.java:132)
at org.openqa.selenium.remote.codec.w3c.W3CHttpResponseCodec.decode(W3CHttpResponseCodec.java:51)
at org.openqa.selenium.remote.HttpCommandExecutor.execute(HttpCommandExecutor.java:191)
at org.openqa.selenium.remote.service.DriverCommandExecutor.invokeExecute(DriverCommandExecutor.java:196)
at org.openqa.selenium.remote.service.DriverCommandExecutor.execute(DriverCommandExecutor.java:171)
at org.openqa.selenium.remote.RemoteWebDriver.execute(RemoteWebDriver.java:531)
at org.openqa.selenium.remote.RemoteWebDriver.get(RemoteWebDriver.java:295)
at com.comcast.genericutlity.BaseClass.launchTheBrowser(BaseClass.java:75)
at java.base/java.util.ArrayList.forEach(ArrayList.java:1511)
at java.base/java.util.concurrent.FutureTask.run(FutureTask.java:264)
at java.base/java.util.concurrent.ThreadPoolExecutor.runWorker(ThreadPoolExecutor.java:1130)
at java.base/java.util.concurrent.ThreadPoolExecutor$Worker.run(ThreadPoolExecutor.java:630)
at java.base/java.lang.Thread.run(Thread.java:831)
... Removed 21 stack frames]]>
    </failure>
  </testcase> <!-- @BeforeClass launchTheBrowser -->
  <testcase classname="com.comcast.genericutlity.BaseClass" name="@BeforeMethod loginToApplication" time="-1.689921667851E9">
    <skipped/>
  </testcase> <!-- @BeforeMethod loginToApplication -->
  <testcase classname="com.comcast.genericutlity.BaseClass" name="@AfterMethod logoutFromApplication" time="-1.689921667868E9">
    <skipped/>
  </testcase> <!-- @AfterMethod logoutFromApplication -->
  <testcase classname="com.comcast.genericutlity.BaseClass" name="@AfterClass closeTheBrowser" time="-1.68992166787E9">
    <skipped/>
  </testcase> <!-- @AfterClass closeTheBrowser -->
  <testcase classname="com.comcast.genericutlity.BaseClass" name="@BeforeClass launchTheBrowser" time="5.168">
    <failure type="org.openqa.selenium.WebDriverException" message="Reached error page: about:neterror?e=dnsNotFound&amp;amp;u=http%3A//rmgtestingserver%3A8888/&amp;amp;c=UTF-8&amp;amp;d=We%20can%E2%80%99t%20connect%20to%20the%20server%20at%20rmgtestingserver.
Build info: version: &amp;apos;4.10.0&amp;apos;, revision: &amp;apos;c14d967899&amp;apos;
System info: os.name: &amp;apos;Windows 10&amp;apos;, os.arch: &amp;apos;amd64&amp;apos;, os.version: &amp;apos;10.0&amp;apos;, java.version: &amp;apos;16.0.1&amp;apos;
Driver info: org.openqa.selenium.firefox.FirefoxDriver
Command: [a264d7c2-82e5-4939-800b-c8db9045b876, get {url=http://rmgtestingserver:8888}]
Capabilities {acceptInsecureCerts: true, browserName: firefox, browserVersion: 115.0.2, moz:accessibilityChecks: false, moz:buildID: 20230710165010, moz:debuggerAddress: 127.0.0.1:32747, moz:geckodriverVersion: 0.33.0, moz:headless: false, moz:platformVersion: 10.0, moz:processID: 9612, moz:profile: C:\Users\SANJAY~1\AppData\L..., moz:shutdownTimeout: 60000, moz:useNonSpecCompliantPointerOrigin: false, moz:webdriverClick: true, moz:windowless: false, pageLoadStrategy: normal, platformName: windows, proxy: Proxy(), se:cdp: ws://127.0.0.1:32747/devtoo..., se:cdpVersion: 85.0, setWindowRect: true, strictFileInteractability: false, timeouts: {implicit: 0, pageLoad: 300000, script: 30000}, unhandledPromptBehavior: dismiss and notify}
Session ID: a264d7c2-82e5-4939-800b-c8db9045b876">
      <![CDATA[org.openqa.selenium.WebDriverException: Reached error page: about:neterror?e=dnsNotFound&u=http%3A//rmgtestingserver%3A8888/&c=UTF-8&d=We%20can%E2%80%99t%20connect%20to%20the%20server%20at%20rmgtestingserver.
Build info: version: '4.10.0', revision: 'c14d967899'
System info: os.name: 'Windows 10', os.arch: 'amd64', os.version: '10.0', java.version: '16.0.1'
Driver info: org.openqa.selenium.firefox.FirefoxDriver
Command: [a264d7c2-82e5-4939-800b-c8db9045b876, get {url=http://rmgtestingserver:8888}]
Capabilities {acceptInsecureCerts: true, browserName: firefox, browserVersion: 115.0.2, moz:accessibilityChecks: false, moz:buildID: 20230710165010, moz:debuggerAddress: 127.0.0.1:32747, moz:geckodriverVersion: 0.33.0, moz:headless: false, moz:platformVersion: 10.0, moz:processID: 9612, moz:profile: C:\Users\SANJAY~1\AppData\L..., moz:shutdownTimeout: 60000, moz:useNonSpecCompliantPointerOrigin: false, moz:webdriverClick: true, moz:windowless: false, pageLoadStrategy: normal, platformName: windows, proxy: Proxy(), se:cdp: ws://127.0.0.1:32747/devtoo..., se:cdpVersion: 85.0, setWindowRect: true, strictFileInteractability: false, timeouts: {implicit: 0, pageLoad: 300000, script: 30000}, unhandledPromptBehavior: dismiss and notify}
Session ID: a264d7c2-82e5-4939-800b-c8db9045b876
at org.openqa.selenium.remote.codec.w3c.W3CHttpResponseCodec.createException(W3CHttpResponseCodec.java:199)
at org.openqa.selenium.remote.codec.w3c.W3CHttpResponseCodec.decode(W3CHttpResponseCodec.java:132)
at org.openqa.selenium.remote.codec.w3c.W3CHttpResponseCodec.decode(W3CHttpResponseCodec.java:51)
at org.openqa.selenium.remote.HttpCommandExecutor.execute(HttpCommandExecutor.java:191)
at org.openqa.selenium.remote.service.DriverCommandExecutor.invokeExecute(DriverCommandExecutor.java:196)
at org.openqa.selenium.remote.service.DriverCommandExecutor.execute(DriverCommandExecutor.java:171)
at org.openqa.selenium.remote.RemoteWebDriver.execute(RemoteWebDriver.java:531)
at org.openqa.selenium.remote.RemoteWebDriver.get(RemoteWebDriver.java:295)
at com.comcast.genericutlity.BaseClass.launchTheBrowser(BaseClass.java:75)
at java.base/java.util.ArrayList.forEach(ArrayList.java:1511)
at java.base/java.util.concurrent.FutureTask.run(FutureTask.java:264)
at java.base/java.util.concurrent.ThreadPoolExecutor.runWorker(ThreadPoolExecutor.java:1130)
at java.base/java.util.concurrent.ThreadPoolExecutor$Worker.run(ThreadPoolExecutor.java:630)
at java.base/java.lang.Thread.run(Thread.java:831)
... Removed 21 stack frames]]>
    </failure>
  </testcase> <!-- @BeforeClass launchTheBrowser -->
  <testcase classname="com.comcast.genericutlity.BaseClass" name="@BeforeMethod loginToApplication" time="-1.689921673048E9">
    <skipped/>
  </testcase> <!-- @BeforeMethod loginToApplication -->
  <testcase classname="com.comcast.genericutlity.BaseClass" name="@AfterMethod logoutFromApplication" time="-1.689921673055E9">
    <skipped/>
  </testcase> <!-- @AfterMethod logoutFromApplication -->
  <testcase classname="com.comcast.genericutlity.BaseClass" name="@AfterClass closeTheBrowser" time="-1.689921673056E9">
    <skipped/>
  </testcase> <!-- @AfterClass closeTheBrowser -->
  <testcase classname="com.comcastcrm.organizationtest.CreateOrgTest" name="createOrgTest" time="0.0">
    <skipped/>
  </testcase> <!-- createOrgTest -->
  <testcase classname="com.comcastcrm.organizationtest.CreateOrgWithType" name="createOrgWithType" time="0.0">
    <skipped/>
  </testcase> <!-- createOrgWithType -->
  <testcase classname="com.comcast.genericutlity.BaseClass" name="@AfterSuite closeDB" time="0.0">
    <ignored/>
  </testcase> <!-- @AfterSuite closeDB -->
  <testcase classname="com.comcast.genericutlity.BaseClass" name="@BeforeSuite connectToDB" time="0.0">
    <ignored/>
  </testcase> <!-- @BeforeSuite connectToDB -->
</testsuite> <!-- FirefoxBrowser -->
