<?xml version="1.0" encoding="UTF-8"?>
<!-- Generated by org.testng.reporters.JUnitXMLReporter -->
<testsuite ignored="4" hostname="TYC1221031" failures="0" tests="3" name="Test" time="25.701" errors="0" timestamp="2023-07-13T15:38:15 IST">
  <testcase classname="com.comcastcrm.organizationtest.CreateOrgWithPhoneNumber" name="createOrgWithMobileNum" time="10.86"/>
  <testcase classname="com.comcastcrm.organizationtest.CreateOrgTest" name="createOrgTest" time="9.812"/>
  <testcase classname="com.comcastcrm.organizationtest.CreateOrgWithType" name="createOrgWithType" time="10.216"/>
  <testcase classname="com.comcast.genericutlity.BaseClass" name="@AfterSuite closeDB" time="0.0">
    <ignored/>
  </testcase> <!-- @AfterSuite closeDB -->
  <testcase classname="com.comcast.genericutlity.BaseClass" name="@AfterSuite closeDB" time="0.0">
    <ignored/>
  </testcase> <!-- @AfterSuite closeDB -->
  <testcase classname="com.comcast.genericutlity.BaseClass" name="@BeforeSuite connectToDB" time="0.0">
    <ignored/>
  </testcase> <!-- @BeforeSuite connectToDB -->
  <testcase classname="com.comcast.genericutlity.BaseClass" name="@BeforeSuite connectToDB" time="0.0">
    <ignored/>
  </testcase> <!-- @BeforeSuite connectToDB -->
</testsuite> <!-- Test -->
